<?xml version="1.0" encoding="UTF-8"?>
<testsuite xmlns:xsi="http://www.w3.org/2001/XMLSchema-instance" xsi:noNamespaceSchemaLocation="https://maven.apache.org/surefire/maven-surefire-plugin/xsd/surefire-test-report-3.0.xsd" version="3.0" name="com.invadethecode.service.UserServiceTest" time="1.269" tests="8" errors="0" skipped="0" failures="0">
  <properties>
[...]
</properties>
  <testcase name="testCreateUser_whenUserCreated_schedulesEmailConfirmation" classname="com.invadethecode.service.UserServiceTest" time="1.189">
    <system-err><![CDATA[WARNING: A Java agent has been loaded dynamically (/Users/ariadnavanegas/.m2/repository/net/bytebuddy/byte-buddy-agent/1.14.15/byte-buddy-agent-1.14.15.jar)
WARNING: If a serviceability tool is in use, please run with -XX:+EnableDynamicAgentLoading to hide this warning
WARNING: If a serviceability tool is not in use, please run with -Djdk.instrument.traceUsage for more information
WARNING: Dynamic loading of agents will be disallowed by default in a future release
]]></system-err>
  </testcase>
  <testcase name="testCreateUser_whenUserDetailsProvided_ReturnUserObject" classname="com.invadethecode.service.UserServiceTest" time="0.018"/>
  <testcase name="testCreateUser_whenLastNameIsEmpty_throwsIllegalArgumentException" classname="com.invadethecode.service.UserServiceTest" time="0.005"/>
  <testcase name="testCreateUser_whenSaveMethodThrowsException_thenThrowsUserServiceException" classname="com.invadethecode.service.UserServiceTest" time="0.009"/>
  <testcase name="testCreateUser_whenEmailNotificationExceptionThrown_throwsUserServiceException" classname="com.invadethecode.service.UserServiceTest" time="0.005"/>
  <testcase name="testCreateUser_whenEmailIsEmpty_throwsIllegalArgumentException" classname="com.invadethecode.service.UserServiceTest" time="0.003"/>
  <testcase name="testCreateUser_whenFirstNameIsEmpty_throwsIllegalArgumentException" classname="com.invadethecode.service.UserServiceTest" time="0.003"/>
  <testcase name="testCreateUser_whenPasswordsDoNotMatch_throwsIllegalArgumentException" classname="com.invadethecode.service.UserServiceTest" time="0.003"/>
</testsuite>